Added number 58 to the list
Number 58 is removed from the list
Added number 60 to the list
Number 60 is removed from the list
Added number 98 to the list
Added number 21 to the list
Number 21 is removed from the list
Added number 51 to the list
Added number 41 to the list
Number 41 is removed from the list
Added number 84 to the list
Added number 14 to the list
Number 14 is removed from the list
Added number 59 to the list
Added number 22 to the list
Number 22 is removed from the list
Added number 40 to the list
Added number 78 to the list
Number 78 is removed from the list
Added number 18 to the list
Number 18 is removed from the list
Added number 96 to the list
Added number 72 to the list
Number 72 is removed from the list
Added number 13 to the list
Added number 37 to the list
Number 37 is removed from the list
Added number 51 to the list
Added number 59 to the list
Number 59 is removed from the list
Added number 29 to the list
Added number 28 to the list
Number 28 is removed from the list
Added number 43 to the list
Added number 51 to the list
Number 51 is removed from the list
Added number 14 to the list
Added number 73 to the list
Number 73 is removed from the list
Added number 4 to the list
Added number 29 to the list
Number 29 is removed from the list
Added number 72 to the list
Added number 45 to the list
Number 45 is removed from the list
Added number 9 to the list
Added number 53 to the list
Number 53 is removed from the list
Added number 56 to the list
Added number 36 to the list
Number 36 is removed from the list
Added number 75 to the list
Added number 25 to the list
Number 25 is removed from the list
Added number 82 to the list
Added number 58 to the list
Number 58 is removed from the list
Added number 14 to the list
Added number 41 to the list
Number 41 is removed from the list
Added number 37 to the list
Added number 92 to the list
Number 92 is removed from the list
Added number 7 to the list
Added number 30 to the list
Number 30 is removed from the list
Added number 85 to the list
Added number 32 to the list
Number 32 is removed from the list
Added number 82 to the list
Added number 17 to the list
Number 17 is removed from the list
Added number 49 to the list
Added number 24 to the list
Number 24 is removed from the list
Added number 83 to the list
Added number 65 to the list
Number 65 is removed from the list
Added number 31 to the list
Added number 18 to the list
Number 18 is removed from the list
Added number 43 to the list
Added number 11 to the list
Number 11 is removed from the list
Added number 94 to the list
Added number 2 to the list
Number 2 is removed from the list
Added number 59 to the list
Added number 33 to the list
Number 33 is removed from the list
Added number 74 to the list
Added number 5 to the list
Number 5 is removed from the list
Added number 66 to the list
Added number 16 to the list
Number 16 is removed from the list
Added number 58 to the list
Added number 40 to the list
Number 40 is removed from the list
Added number 36 to the list
Added number 57 to the list
Number 57 is removed from the list
Added number 28 to the list
Added number 22 to the list
Number 22 is removed from the list
Added number 45 to the list
Added number 92 to the list
Number 92 is removed from the list
Added number 85 to the list
Number 85 is removed from the list
Added number 20 to the list
Added number 48 to the list
Number 48 is removed from the list
Added number 8 to the list
Added number 47 to the list
Number 47 is removed from the list
Added number 7 to the list
Added number 82 to the list
Number 82 is removed from the list
Added number 15 to the list
Added number 74 to the list
Number 74 is removed from the list
Added number 92 to the list
Added number 90 to the list
Number 90 is removed from the list
Added number 91 to the list
Added number 15 to the list
Number 15 is removed from the list
Added number 35 to the list
Added number 29 to the list
Number 29 is removed from the list
Added number 9 to the list
Added number 53 to the list
Number 53 is removed from the list
Added number 9 to the list
Added number 30 to the list
Number 30 is removed from the list
Added number 86 to the list
Added number 84 to the list
Number 84 is removed from the list
Added number 66 to the list
Added number 57 to the list
Number 57 is removed from the list
Added number 65 to the list
Added number 91 to the list
Number 91 is removed from the list
Added number 31 to the list
Added number 41 to the list
Number 41 is removed from the list
Added number 38 to the list
Added number 70 to the list
Number 70 is removed from the list
Added number 3 to the list
Added number 18 to the list
Number 18 is removed from the list
Added number 46 to the list
Number 46 is removed from the list
Added number 66 to the list
Added number 35 to the list
Number 35 is removed from the list
Added number 11 to the list
Added number 58 to the list
Number 58 is removed from the list
Added number 94 to the list
Number 94 is removed from the list
Added number 27 to the list
Added number 74 to the list
Number 74 is removed from the list
Added number 17 to the list
Added number 73 to the list
Number 73 is removed from the list
Added number 86 to the list
Added number 39 to the list
Number 39 is removed from the list
Added number 98 to the list
Added number 55 to the list
Number 55 is removed from the list
Added number 40 to the list
Added number 5 to the list
Number 5 is removed from the list
Added number 45 to the list
Added number 87 to the list
Number 87 is removed from the list
Added number 68 to the list
Added number 24 to the list
Number 24 is removed from the list
Added number 90 to the list
Added number 90 to the list
Number 90 is removed from the list
Added number 74 to the list
Added number 90 to the list
Number 90 is removed from the list
Added number 45 to the list
Added number 52 to the list
Number 52 is removed from the list
Added number 74 to the list
Added number 17 to the list
Number 17 is removed from the list
Added number 47 to the list
Added number 23 to the list
Number 23 is removed from the list
Added number 91 to the list
Added number 10 to the list
Number 10 is removed from the list
Added number 2 to the list
Added number 15 to the list
Number 15 is removed from the list
Added number 86 to the list
Added number 24 to the list
Number 24 is removed from the list
Added number 88 to the list
Added number 97 to the list
Number 97 is removed from the list
Added number 42 to the list
Added number 22 to the list
Number 22 is removed from the list
Added number 80 to the list
Added number 76 to the list
Number 76 is removed from the list
Added number 91 to the list
Added number 52 to the list
Number 52 is removed from the list
Added number 35 to the list
Added number 48 to the list
Number 48 is removed from the list
Added number 24 to the list
Added number 42 to the list
Number 42 is removed from the list
Added number 29 to the list
Added number 91 to the list
Number 91 is removed from the list
Added number 36 to the list
Added number 27 to the list
Number 27 is removed from the list
Added number 72 to the list
Added number 73 to the list
Number 73 is removed from the list
Added number 26 to the list
Added number 25 to the list
Number 25 is removed from the list
Added number 14 to the list
Added number 88 to the list
Number 88 is removed from the list
Added number 52 to the list
Number 52 is removed from the list
Added number 90 to the list
Added number 58 to the list
Number 58 is removed from the list
Added number 9 to the list
Added number 41 to the list
Number 41 is removed from the list
Added number 19 to the list
Added number 32 to the list
Number 32 is removed from the list
Added number 15 to the list
Added number 46 to the list
Number 46 is removed from the list
Added number 7 to the list
Added number 18 to the list
Number 18 is removed from the list
Added number 52 to the list
Added number 61 to the list
Number 61 is removed from the list
Added number 52 to the list
Added number 26 to the list
Number 26 is removed from the list
Added number 99 to the list
Added number 81 to the list
Number 81 is removed from the list
Added number 71 to the list
Added number 18 to the list
Number 18 is removed from the list
Added number 9 to the list
Added number 88 to the list
Number 88 is removed from the list
Added number 65 to the list
Added number 5 to the list
Number 5 is removed from the list
Added number 81 to the list
Added number 39 to the list
Number 39 is removed from the list
Added number 41 to the list
Added number 83 to the list
Number 83 is removed from the list
Added number 84 to the list
Added number 78 to the list
Number 78 is removed from the list
Added number 98 to the list
Added number 55 to the list
Number 55 is removed from the list
Added number 44 to the list
Added number 18 to the list
Number 18 is removed from the list
Added number 81 to the list
Added number 28 to the list
Number 28 is removed from the list
Added number 69 to the list
Added number 77 to the list
Number 77 is removed from the list
Added number 65 to the list
Added number 70 to the list
Number 70 is removed from the list
Added number 74 to the list
Added number 57 to the list
Number 57 is removed from the list
Added number 87 to the list
Added number 36 to the list
Number 36 is removed from the list
Added number 26 to the list
Added number 84 to the list
Number 84 is removed from the list
Added number 59 to the list
Added number 89 to the list
Number 89 is removed from the list
Added number 74 to the list
Added number 83 to the list
Number 83 is removed from the list
Added number 12 to the list
Added number 39 to the list
Number 39 is removed from the list
Added number 27 to the list
Added number 56 to the list
Number 56 is removed from the list
Added number 87 to the list
Added number 50 to the list
Number 50 is removed from the list
Added number 40 to the list
Added number 77 to the list
Number 77 is removed from the list
Added number 68 to the list
Added number 21 to the list
Number 21 is removed from the list
Added number 17 to the list
Added number 38 to the list
Number 38 is removed from the list
Added number 80 to the list
Added number 24 to the list
Number 24 is removed from the list
Added number 60 to the list
Added number 32 to the list
Number 32 is removed from the list
Added number 60 to the list
Added number 21 to the list
Number 21 is removed from the list
Added number 80 to the list
Added number 20 to the list
Number 20 is removed from the list
Added number 30 to the list
Added number 38 to the list
Number 38 is removed from the list
Added number 62 to the list
Added number 97 to the list
Number 97 is removed from the list
Added number 78 to the list
Added number 98 to the list
Number 98 is removed from the list
Added number 70 to the list
Added number 71 to the list
Number 71 is removed from the list
Added number 73 to the list
Added number 12 to the list
Number 12 is removed from the list
Added number 11 to the list
Added number 90 to the list
Number 90 is removed from the list
Added number 96 to the list
Added number 96 to the list
Number 96 is removed from the list
Added number 95 to the list
Added number 22 to the list
Number 22 is removed from the list
Added number 4 to the list
Added number 74 to the list
Number 74 is removed from the list
Added number 12 to the list
Added number 90 to the list
Number 90 is removed from the list
Added number 95 to the list
Added number 21 to the list
Number 21 is removed from the list
Added number 93 to the list
Added number 52 to the list
Number 52 is removed from the list
Added number 80 to the list
Added number 22 to the list
Number 22 is removed from the list
Added number 30 to the list
Added number 92 to the list
Number 92 is removed from the list
Added number 57 to the list
Added number 54 to the list
Number 54 is removed from the list
Added number 70 to the list
Added number 64 to the list
Number 64 is removed from the list
Added number 49 to the list
Added number 60 to the list
Number 60 is removed from the list
Added number 71 to the list
Added number 46 to the list
Number 46 is removed from the list
Added number 30 to the list
Added number 6 to the list
Number 6 is removed from the list
Added number 85 to the list
Added number 44 to the list
Number 44 is removed from the list
Added number 27 to the list
Added number 52 to the list
Number 52 is removed from the list
Added number 42 to the list
Added number 44 to the list
Number 44 is removed from the list
Added number 57 to the list
Added number 29 to the list
Number 29 is removed from the list
Added number 36 to the list
Added number 48 to the list
Number 48 is removed from the list
Added number 47 to the list
Added number 91 to the list
Number 91 is removed from the list
Added number 21 to the list
Added number 24 to the list
Number 24 is removed from the list
Added number 90 to the list
Added number 99 to the list
Number 99 is removed from the list
Added number 26 to the list
Added number 79 to the list
Number 79 is removed from the list
Added number 42 to the list
Added number 98 to the list
Number 98 is removed from the list
Added number 17 to the list
Added number 16 to the list
Number 16 is removed from the list
Added number 13 to the list
Added number 89 to the list
Number 89 is removed from the list
Added number 93 to the list
Added number 15 to the list
Number 15 is removed from the list
Added number 12 to the list
Added number 23 to the list
Number 23 is removed from the list
Added number 77 to the list
Added number 74 to the list
Number 74 is removed from the list
Added number 96 to the list
Added number 57 to the list
Number 57 is removed from the list
Added number 78 to the list
Added number 91 to the list
Number 91 is removed from the list
Added number 9 to the list
Added number 79 to the list
Number 79 is removed from the list
Added number 92 to the list
Added number 94 to the list
Number 94 is removed from the list
Added number 88 to the list
Added number 52 to the list
Number 52 is removed from the list
Added number 10 to the list
Added number 69 to the list
Number 69 is removed from the list
Added number 75 to the list
Added number 61 to the list
Number 61 is removed from the list
Added number 42 to the list
Added number 85 to the list
Number 85 is removed from the list
Added number 7 to the list
Added number 5 to the list
Number 5 is removed from the list
Added number 93 to the list
Number 93 is removed from the list
Added number 7 to the list
Added number 84 to the list
Number 84 is removed from the list
Added number 42 to the list
Added number 10 to the list
Number 10 is removed from the list
Added number 49 to the list
Added number 53 to the list
Number 53 is removed from the list
Added number 88 to the list
Added number 7 to the list
Number 7 is removed from the list
Added number 5 to the list
Added number 70 to the list
Number 70 is removed from the list
Added number 36 to the list
Added number 66 to the list
Number 66 is removed from the list
Added number 62 to the list
Added number 79 to the list
Number 79 is removed from the list
Added number 38 to the list
Added number 97 to the list
Number 97 is removed from the list
Added number 27 to the list
Added number 29 to the list
Number 29 is removed from the list
Added number 70 to the list
Number 70 is removed from the list
Added number 21 to the list
Added number 96 to the list
Number 96 is removed from the list
Added number 95 to the list
Added number 35 to the list
Number 35 is removed from the list
Added number 47 to the list
Added number 10 to the list
Number 10 is removed from the list
Added number 33 to the list
Added number 88 to the list
Number 88 is removed from the list
Added number 83 to the list
Number 83 is removed from the list
Added number 49 to the list
Added number 87 to the list
Number 87 is removed from the list
Added number 94 to the list
Added number 18 to the list
Number 18 is removed from the list
Added number 18 to the list
Added number 79 to the list
Number 79 is removed from the list
Added number 76 to the list
Added number 98 to the list
Number 98 is removed from the list
Added number 100 to the list
Number 100 is removed from the list
Added number 31 to the list
Added number 48 to the list
Current list: [48]
Number 48 is removed from the list
Current list: []
Added number 33 to the list
Current list: [33]
Number 33 is removed from the list
Current list: []
Added number 12 to the list
Current list: [12]
Added number 92 to the list
Current list: [12, 92]
Number 92 is removed from the list
Current list: [12]
Added number 53 to the list
Current list: [12, 53]
Added number 62 to the list
Current list: [12, 53, 62]
Number 62 is removed from the list
Current list: [12, 53]
Added number 24 to the list
Current list: [12, 53, 24]
Added number 87 to the list
Current list: [12, 53, 24, 87]
Number 87 is removed from the list
Current list: [12, 53, 24]
Added number 92 to the list
Current list: [12, 53, 24, 92]
Added number 100 to the list
Current list: [12, 53, 24, 92, 100]
Number 100 is removed from the list
Current list: [12, 53, 24, 92]
Added number 50 to the list
Current list: [12, 53, 24, 92, 50]
Added number 5 to the list
Current list: [12, 53, 24, 92, 50, 5]
Number 5 is removed from the list
Current list: [12, 53, 24, 92, 50]
Added number 74 to the list
Current list: [12, 53, 24, 92, 50, 74]
Added number 65 to the list
Current list: [12, 53, 24, 92, 50, 74, 65]
Number 65 is removed from the list
Current list: [12, 53, 24, 92, 50, 74]
Added number 64 to the list
Current list: [12, 53, 24, 92, 50, 74, 64]
Added number 28 to the list
Current list: [12, 53, 24, 92, 50, 74, 64, 28]
Number 28 is removed from the list
Current list: [12, 53, 24, 92, 50, 74, 64]
Added number 51 to the list
Current list: [12, 53, 24, 92, 50, 74, 64, 51]
Added number 22 to the list
Current list: [12, 53, 24, 92, 50, 74, 64, 51, 22]
Number 22 is removed from the list
Current list: [12, 53, 24, 92, 50, 74, 64, 51]
Added number 96 to the list
Current list: [12, 53, 24, 92, 50, 74, 64, 51, 96]
Added number 61 to the list
Current list: [12, 53, 24, 92, 50, 74, 64, 51, 96, 61]
Number 61 is removed from the list
Current list: [12, 53, 24, 92, 50, 74, 64, 51, 96]
Added number 92 to the list
Current list: [12, 53, 24, 92, 50, 74, 64, 51, 96, 92]
Added number 14 to the list
Current list: [12, 53, 24, 92, 50, 74, 64, 51, 96, 92, 14]
Number 14 is removed from the list
Current list: [12, 53, 24, 92, 50, 74, 64, 51, 96, 92]
Added number 51 to the list
Current list: [12, 53, 24, 92, 50, 74, 64, 51, 96, 92, 51]
Added number 62 to the list
Current list: [12, 53, 24, 92, 50, 74, 64, 51, 96, 92, 51, 62]
Number 62 is removed from the list
Current list: [12, 53, 24, 92, 50, 74, 64, 51, 96, 92, 51]
Added number 79 to the list
Current list: [12, 53, 24, 92, 50, 74, 64, 51, 96, 92, 51, 79]
Number 79 is removed from the list
Current list: [12, 53, 24, 92, 50, 74, 64, 51, 96, 92, 51]
Added number 26 to the list
Current list: [12, 53, 24, 92, 50, 74, 64, 51, 96, 92, 51, 26]
Added number 55 to the list
Current list: [12, 53, 24, 92, 50, 74, 64, 51, 96, 92, 51, 26, 55]
Number 55 is removed from the list
Current list: [12, 53, 24, 92, 50, 74, 64, 51, 96, 92, 51, 26]
Added number 73 to the list
Current list: [12, 53, 24, 92, 50, 74, 64, 51, 96, 92, 51, 26, 73]
Added number 81 to the list
Current list: [12, 53, 24, 92, 50, 74, 64, 51, 96, 92, 51, 26, 73, 81]
Number 81 is removed from the list
Current list: [12, 53, 24, 92, 50, 74, 64, 51, 96, 92, 51, 26, 73]
Added number 35 to the list
Current list: [12, 53, 24, 92, 50, 74, 64, 51, 96, 92, 51, 26, 73, 35]
Added number 62 to the list
Current list: [12, 53, 24, 92, 50, 74, 64, 51, 96, 92, 51, 26, 73, 35, 62]
Number 62 is removed from the list
Current list: [12, 53, 24, 92, 50, 74, 64, 51, 96, 92, 51, 26, 73, 35]
Added number 13 to the list
Current list: [12, 53, 24, 92, 50, 74, 64, 51, 96, 92, 51, 26, 73, 35, 13]
Added number 22 to the list
Current list: [12, 53, 24, 92, 50, 74, 64, 51, 96, 92, 51, 26, 73, 35, 13, 22]
Number 22 is removed from the list
Current list: [12, 53, 24, 92, 50, 74, 64, 51, 96, 92, 51, 26, 73, 35, 13]
Added number 77 to the list
Current list: [12, 53, 24, 92, 50, 74, 64, 51, 96, 92, 51, 26, 73, 35, 13, 77]
Added number 95 to the list
Current list: [12, 53, 24, 92, 50, 74, 64, 51, 96, 92, 51, 26, 73, 35, 13, 77, 95]
Number 95 is removed from the list
Current list: [12, 53, 24, 92, 50, 74, 64, 51, 96, 92, 51, 26, 73, 35, 13, 77]
Added number 97 to the list
Current list: [12, 53, 24, 92, 50, 74, 64, 51, 96, 92, 51, 26, 73, 35, 13, 77, 97]
Added number 31 to the list
Current list: [12, 53, 24, 92, 50, 74, 64, 51, 96, 92, 51, 26, 73, 35, 13, 77, 97, 31]
Number 31 is removed from the list
Current list: [12, 53, 24, 92, 50, 74, 64, 51, 96, 92, 51, 26, 73, 35, 13, 77, 97]
Added number 8 to the list
Current list: [12, 53, 24, 92, 50, 74, 64, 51, 96, 92, 51, 26, 73, 35, 13, 77, 97, 8]
Added number 70 to the list
Current list: [12, 53, 24, 92, 50, 74, 64, 51, 96, 92, 51, 26, 73, 35, 13, 77, 97, 8, 70]
Number 70 is removed from the list
Current list: [12, 53, 24, 92, 50, 74, 64, 51, 96, 92, 51, 26, 73, 35, 13, 77, 97, 8]
Added number 49 to the list
Current list: [12, 53, 24, 92, 50, 74, 64, 51, 96, 92, 51, 26, 73, 35, 13, 77, 97, 8, 49]
Added number 23 to the list
Current list: [12, 53, 24, 92, 50, 74, 64, 51, 96, 92, 51, 26, 73, 35, 13, 77, 97, 8, 49, 23]
Number 23 is removed from the list
Current list: [12, 53, 24, 92, 50, 74, 64, 51, 96, 92, 51, 26, 73, 35, 13, 77, 97, 8, 49]
Added number 88 to the list
Current list: [12, 53, 24, 92, 50, 74, 64, 51, 96, 92, 51, 26, 73, 35, 13, 77, 97, 8, 49, 88]
Added number 91 to the list
Current list: [12, 53, 24, 92, 50, 74, 64, 51, 96, 92, 51, 26, 73, 35, 13, 77, 97, 8, 49, 88, 91]
Number 91 is removed from the list
Current list: [12, 53, 24, 92, 50, 74, 64, 51, 96, 92, 51, 26, 73, 35, 13, 77, 97, 8, 49, 88]
Added number 68 to the list
Current list: [12, 53, 24, 92, 50, 74, 64, 51, 96, 92, 51, 26, 73, 35, 13, 77, 97, 8, 49, 88, 68]
Added number 28 to the list
Current list: [12, 53, 24, 92, 50, 74, 64, 51, 96, 92, 51, 26, 73, 35, 13, 77, 97, 8, 49, 88, 68, 28]
Number 28 is removed from the list
Current list: [12, 53, 24, 92, 50, 74, 64, 51, 96, 92, 51, 26, 73, 35, 13, 77, 97, 8, 49, 88, 68]
Added number 46 to the list
Current list: [12, 53, 24, 92, 50, 74, 64, 51, 96, 92, 51, 26, 73, 35, 13, 77, 97, 8, 49, 88, 68, 46]
Added number 96 to the list
Current list: [12, 53, 24, 92, 50, 74, 64, 51, 96, 92, 51, 26, 73, 35, 13, 77, 97, 8, 49, 88, 68, 46, 96]
Number 96 is removed from the list
Current list: [12, 53, 24, 92, 50, 74, 64, 51, 96, 92, 51, 26, 73, 35, 13, 77, 97, 8, 49, 88, 68, 46]
Added number 24 to the list
Current list: [12, 53, 24, 92, 50, 74, 64, 51, 96, 92, 51, 26, 73, 35, 13, 77, 97, 8, 49, 88, 68, 46, 24]
Added number 59 to the list
Current list: [12, 53, 24, 92, 50, 74, 64, 51, 96, 92, 51, 26, 73, 35, 13, 77, 97, 8, 49, 88, 68, 46, 24, 59]
Number 59 is removed from the list
Current list: [12, 53, 24, 92, 50, 74, 64, 51, 96, 92, 51, 26, 73, 35, 13, 77, 97, 8, 49, 88, 68, 46, 24]
Added number 17 to the list
Current list: [12, 53, 24, 92, 50, 74, 64, 51, 96, 92, 51, 26, 73, 35, 13, 77, 97, 8, 49, 88, 68, 46, 24, 17]
Added number 54 to the list
Current list: [12, 53, 24, 92, 50, 74, 64, 51, 96, 92, 51, 26, 73, 35, 13, 77, 97, 8, 49, 88, 68, 46, 24, 17, 54]
Number 54 is removed from the list
Current list: [12, 53, 24, 92, 50, 74, 64, 51, 96, 92, 51, 26, 73, 35, 13, 77, 97, 8, 49, 88, 68, 46, 24, 17]
Added number 62 to the list
Current list: [12, 53, 24, 92, 50, 74, 64, 51, 96, 92, 51, 26, 73, 35, 13, 77, 97, 8, 49, 88, 68, 46, 24, 17, 62]
Added number 4 to the list
Current list: [12, 53, 24, 92, 50, 74, 64, 51, 96, 92, 51, 26, 73, 35, 13, 77, 97, 8, 49, 88, 68, 46, 24, 17, 62, 4]
Number 4 is removed from the list
Current list: [12, 53, 24, 92, 50, 74, 64, 51, 96, 92, 51, 26, 73, 35, 13, 77, 97, 8, 49, 88, 68, 46, 24, 17, 62]
Added number 47 to the list
Current list: [12, 53, 24, 92, 50, 74, 64, 51, 96, 92, 51, 26, 73, 35, 13, 77, 97, 8, 49, 88, 68, 46, 24, 17, 62, 47]
Added number 63 to the list
Current list: [12, 53, 24, 92, 50, 74, 64, 51, 96, 92, 51, 26, 73, 35, 13, 77, 97, 8, 49, 88, 68, 46, 24, 17, 62, 47, 63]
Number 63 is removed from the list
Current list: [12, 53, 24, 92, 50, 74, 64, 51, 96, 92, 51, 26, 73, 35, 13, 77, 97, 8, 49, 88, 68, 46, 24, 17, 62, 47]
Added number 77 to the list
Current list: [12, 53, 24, 92, 50, 74, 64, 51, 96, 92, 51, 26, 73, 35, 13, 77, 97, 8, 49, 88, 68, 46, 24, 17, 62, 47, 77]
Added number 29 to the list
Current list: [12, 53, 24, 92, 50, 74, 64, 51, 96, 92, 51, 26, 73, 35, 13, 77, 97, 8, 49, 88, 68, 46, 24, 17, 62, 47, 77, 29]
Number 29 is removed from the list
Current list: [12, 53, 24, 92, 50, 74, 64, 51, 96, 92, 51, 26, 73, 35, 13, 77, 97, 8, 49, 88, 68, 46, 24, 17, 62, 47, 77]
Added number 32 to the list
Current list: [12, 53, 24, 92, 50, 74, 64, 51, 96, 92, 51, 26, 73, 35, 13, 77, 97, 8, 49, 88, 68, 46, 24, 17, 62, 47, 77, 32]
Added number 87 to the list
Current list: [12, 53, 24, 92, 50, 74, 64, 51, 96, 92, 51, 26, 73, 35, 13, 77, 97, 8, 49, 88, 68, 46, 24, 17, 62, 47, 77, 32, 87]
Number 87 is removed from the list
Current list: [12, 53, 24, 92, 50, 74, 64, 51, 96, 92, 51, 26, 73, 35, 13, 77, 97, 8, 49, 88, 68, 46, 24, 17, 62, 47, 77, 32]
Added number 72 to the list
Current list: [12, 53, 24, 92, 50, 74, 64, 51, 96, 92, 51, 26, 73, 35, 13, 77, 97, 8, 49, 88, 68, 46, 24, 17, 62, 47, 77, 32, 72]
Added number 47 to the list
Current list: [12, 53, 24, 92, 50, 74, 64, 51, 96, 92, 51, 26, 73, 35, 13, 77, 97, 8, 49, 88, 68, 46, 24, 17, 62, 47, 77, 32, 72, 47]
Number 47 is removed from the list
Current list: [12, 53, 24, 92, 50, 74, 64, 51, 96, 92, 51, 26, 73, 35, 13, 77, 97, 8, 49, 88, 68, 46, 24, 17, 62, 47, 77, 32, 72]
Added number 24 to the list
Current list: [12, 53, 24, 92, 50, 74, 64, 51, 96, 92, 51, 26, 73, 35, 13, 77, 97, 8, 49, 88, 68, 46, 24, 17, 62, 47, 77, 32, 72, 24]
Number 24 is removed from the list
Current list: [12, 53, 24, 92, 50, 74, 64, 51, 96, 92, 51, 26, 73, 35, 13, 77, 97, 8, 49, 88, 68, 46, 24, 17, 62, 47, 77, 32, 72]
Added number 6 to the list
Current list: [12, 53, 24, 92, 50, 74, 64, 51, 96, 92, 51, 26, 73, 35, 13, 77, 97, 8, 49, 88, 68, 46, 24, 17, 62, 47, 77, 32, 72, 6]
